-------------------------------------------------------------------------------
Test set: com.AdvanceSelenium.Tests.NavigationTest
-------------------------------------------------------------------------------
Tests run: 1, Failures: 0, Errors: 1, Skipped: 0, Time elapsed: 6.749 s <<< FAILURE! - in com.AdvanceSelenium.Tests.NavigationTest
doNavigation  Time elapsed: 4.413 s  <<< ERROR!
org.openqa.selenium.ElementNotInteractableException: 
element not interactable: element has zero size
  (Session info: chrome=96.0.4664.45)
Build info: version: '4.0.0', revision: '3a21814679'
System info: host: 'VIVEK-PC', ip: '192.168.1.12', os.name: 'Windows 10', os.arch: 'amd64', os.version: '10.0', java.version: '13.0.2'
Driver info: org.openqa.selenium.chrome.ChromeDriver
Command: [e2bdaba8027461fa10a20bb7986c000c, clickElement {id=374fe816-454a-456d-a8fb-f1fc8c5b47ec}]
Capabilities {acceptInsecureCerts: false, browserName: chrome, browserVersion: 96.0.4664.45, chrome: {chromedriverVersion: 96.0.4664.45 (76e4c1bb2ab46..., userDataDir: C:\Users\vivek\AppData\Loca...}, goog:chromeOptions: {debuggerAddress: localhost:51963}, javascriptEnabled: true, networkConnectionEnabled: false, pageLoadStrategy: normal, platform: WINDOWS, platformName: WINDOWS, proxy: Proxy(), se:cdp: ws://localhost:51963/devtoo..., se:cdpVersion: 96.0.4664.45, setWindowRect: true, strictFileInteractability: false, timeouts: {implicit: 0, pageLoad: 300000, script: 30000}, unhandledPromptBehavior: dismiss and notify, webauthn:extension:credBlob: true, webauthn:extension:largeBlob: true, webauthn:virtualAuthenticators: true}
Element: [[ChromeDriver: chrome on WINDOWS (e2bdaba8027461fa10a20bb7986c000c)] -> xpath: //*[@id='zg_left_col1']/div[1]/div//*[@class='a-carousel-col a-carousel-center']//li[1]//a[2]]
Session ID: e2bdaba8027461fa10a20bb7986c000c
	at com.AdvanceSelenium.Tests.NavigationTest.doNavigation(NavigationTest.java:15)

